<?xml version="1.0" encoding="UTF-8"?>
<testsuite name="pe.edu.upao.sistemas.Plataforma_Viajeros.Services.RecomendacionServices" tests="2" skipped="0" failures="0" errors="0" timestamp="2023-12-09T08:25:59" hostname="DESKTOP-2ADM76V" time="0.055">
  <properties/>
  <testcase name="cuandoNoExistenRecomendaciones()" classname="pe.edu.upao.sistemas.Plataforma_Viajeros.Services.RecomendacionServices" time="0.052"/>
  <testcase name="cuandoSeListanRecomendaionesExitosamente()" classname="pe.edu.upao.sistemas.Plataforma_Viajeros.Services.RecomendacionServices" time="0.002"/>
  <system-out><![CDATA[]]></system-out>
  <system-err><![CDATA[]]></system-err>
</testsuite>
