<?xml version="1.0" encoding="UTF-8"?>
<testsuite name="pe.edu.upao.sistemas.Plataforma_Viajeros.PlataformaViajerosApplicationTests" tests="1" skipped="0" failures="0" errors="0" timestamp="2023-12-09T08:25:59" hostname="DESKTOP-2ADM76V" time="0.015">
  <properties/>
  <testcase name="contextLoads()" classname="pe.edu.upao.sistemas.Plataforma_Viajeros.PlataformaViajerosApplicationTests" time="0.015"/>
  <system-out><![CDATA[03:25:54.723 [Test worker] INFO org.springframework.test.context.support.AnnotationConfigContextLoaderUtils -- Could not detect default configuration classes for test class [pe.edu.upao.sistemas.Plataforma_Viajeros.PlataformaViajerosApplicationTests]: PlataformaViajerosApplicationTests does not declare any static, non-private, non-final, nested classes annotated with @Configuration.
03:25:54.817 [Test worker] INFO org.springframework.boot.test.context.SpringBootTestContextBootstrapper -- Found @SpringBootConfiguration pe.edu.upao.sistemas.Plataforma_Viajeros.PlataformaViajerosApplication for test class pe.edu.upao.sistemas.Plataforma_Viajeros.PlataformaViajerosApplicationTests

  .   ____          _            __ _ _
 /\\ / ___'_ __ _ _(_)_ __  __ _ \ \ \ \
( ( )\___ | '_ | '_| | '_ \/ _` | \ \ \ \
 \\/  ___)| |_)| | | | | || (_| |  ) ) ) )
  '  |____| .__|_| |_|_| |_\__, | / / / /
 =========|_|==============|___/=/_/_/_/
 :: Spring Boot ::                (v3.1.5)

2023-12-09T03:25:55.227-05:00  INFO 25236 --- [    Test worker] u.s.P.PlataformaViajerosApplicationTests : Starting PlataformaViajerosApplicationTests using Java 17.0.9 with PID 25236 (started by Luis in C:\Users\Luis\Desktop\VIAJA MUNDO\ViajaMundo-Backend\Plataforma_Viajeros_Backend)
2023-12-09T03:25:55.227-05:00  INFO 25236 --- [    Test worker] u.s.P.PlataformaViajerosApplicationTests : No active profile set, falling back to 1 default profile: "default"
2023-12-09T03:25:55.901-05:00  INFO 25236 --- [    Test worker] .s.d.r.c.RepositoryConfigurationDelegate : Bootstrapping Spring Data JPA repositories in DEFAULT mode.
2023-12-09T03:25:55.978-05:00  INFO 25236 --- [    Test worker] .s.d.r.c.RepositoryConfigurationDelegate : Finished Spring Data repository scanning in 59 ms. Found 7 JPA repository interfaces.
2023-12-09T03:25:56.464-05:00  INFO 25236 --- [    Test worker] o.hibernate.jpa.internal.util.LogHelper  : HHH000204: Processing PersistenceUnitInfo [name: default]
2023-12-09T03:25:56.537-05:00  INFO 25236 --- [    Test worker] org.hibernate.Version                    : HHH000412: Hibernate ORM core version 6.2.13.Final
2023-12-09T03:25:56.537-05:00  INFO 25236 --- [    Test worker] org.hibernate.cfg.Environment            : HHH000406: Using bytecode reflection optimizer
2023-12-09T03:25:56.662-05:00  INFO 25236 --- [    Test worker] o.s.o.j.p.SpringPersistenceUnitInfo      : No LoadTimeWeaver setup: ignoring JPA class transformer
2023-12-09T03:25:56.694-05:00  INFO 25236 --- [    Test worker] com.zaxxer.hikari.HikariDataSource       : HikariPool-1 - Starting...
2023-12-09T03:25:56.840-05:00  INFO 25236 --- [    Test worker] com.zaxxer.hikari.pool.HikariPool        : HikariPool-1 - Added connection com.mysql.cj.jdbc.ConnectionImpl@d70dbeb
2023-12-09T03:25:56.840-05:00  INFO 25236 --- [    Test worker] com.zaxxer.hikari.HikariDataSource       : HikariPool-1 - Start completed.
2023-12-09T03:25:56.871-05:00  WARN 25236 --- [    Test worker] org.hibernate.orm.deprecation            : HHH90000025: MySQL8Dialect does not need to be specified explicitly using 'hibernate.dialect' (remove the property setting and it will be selected by default)
2023-12-09T03:25:56.871-05:00  WARN 25236 --- [    Test worker] org.hibernate.orm.deprecation            : HHH90000026: MySQL8Dialect has been deprecated; use org.hibernate.dialect.MySQLDialect instead
2023-12-09T03:25:57.695-05:00  INFO 25236 --- [    Test worker] o.h.e.t.j.p.i.JtaPlatformInitiator       : HHH000489: No JTA platform available (set 'hibernate.transaction.jta.platform' to enable JTA platform integration)
2023-12-09T03:25:57.790-05:00  INFO 25236 --- [    Test worker] j.LocalContainerEntityManagerFactoryBean : Initialized JPA EntityManagerFactory for persistence unit 'default'
2023-12-09T03:25:58.379-05:00  WARN 25236 --- [    Test worker] JpaBaseConfiguration$JpaWebConfiguration : spring.jpa.open-in-view is enabled by default. Therefore, database queries may be performed during view rendering. Explicitly configure spring.jpa.open-in-view to disable this warning
2023-12-09T03:25:58.489-05:00  INFO 25236 --- [    Test worker] o.s.s.web.DefaultSecurityFilterChain     : Will secure any request with [org.springframework.security.web.session.DisableEncodeUrlFilter@56e589e5, org.springframework.security.web.context.request.async.WebAsyncManagerIntegrationFilter@6992a147, org.springframework.security.web.context.SecurityContextHolderFilter@259647f2, org.springframework.security.web.header.HeaderWriterFilter@5ae5a507, org.springframework.security.web.authentication.logout.LogoutFilter@59eff566, pe.edu.upao.sistemas.Plataforma_Viajeros.authentication.config.LoggingFilter@44f8d884, pe.edu.upao.sistemas.Plataforma_Viajeros.authentication.config.JwtRequestFilter@2ff2a096, org.springframework.security.web.savedrequest.RequestCacheAwareFilter@6517bc6b, org.springframework.security.web.servletapi.SecurityContextHolderAwareRequestFilter@6965c32, org.springframework.security.web.authentication.AnonymousAuthenticationFilter@f3ae18f, org.springframework.security.web.session.SessionManagementFilter@58052571, org.springframework.security.web.access.ExceptionTranslationFilter@75392381, org.springframework.security.web.access.intercept.AuthorizationFilter@4c954b79]
2023-12-09T03:25:59.065-05:00  INFO 25236 --- [    Test worker] u.s.P.PlataformaViajerosApplicationTests : Started PlataformaViajerosApplicationTests in 4.066 seconds (process running for 6.421)
]]></system-out>
  <system-err><![CDATA[]]></system-err>
</testsuite>
