<?xml version="1.0" encoding="UTF-8"?>
<testsuite name="pe.edu.upao.sistemas.Plataforma_Viajeros.Services.ItinerarioServicesTest" tests="2" skipped="0" failures="0" errors="0" timestamp="2023-12-09T08:25:59" hostname="DESKTOP-2ADM76V" time="0.051">
  <properties/>
  <testcase name="cuandoNoExistenItinerarios()" classname="pe.edu.upao.sistemas.Plataforma_Viajeros.Services.ItinerarioServicesTest" time="0.047"/>
  <testcase name="cuandoSeListanItinerariosExitosamente()" classname="pe.edu.upao.sistemas.Plataforma_Viajeros.Services.ItinerarioServicesTest" time="0.003"/>
  <system-out><![CDATA[]]></system-out>
  <system-err><![CDATA[]]></system-err>
</testsuite>
